<?xml version="1.0" encoding="UTF-8"?>
<testsuite xmlns:xsi="http://www.w3.org/2001/XMLSchema-instance" xsi:noNamespaceSchemaLocation="https://maven.apache.org/surefire/maven-surefire-plugin/xsd/surefire-test-report-3.0.xsd" version="3.0" name="MakeOrderPostTest" time="0.576" tests="4" errors="0" skipped="0" failures="0">
  <properties>
    <property name="sun.desktop" value="windows"/>
    <property name="awt.toolkit" value="sun.awt.windows.WToolkit"/>
    <property name="java.specification.version" value="11"/>
    <property name="sun.cpu.isalist" value="pentium_pro+mmx pentium_pro pentium+mmx pentium i486 i386 i86"/>
    <property name="sun.jnu.encoding" value="Cp1251"/>
    <property name="java.class.path" value="D:\Sprint_7\Sprint_7\target\test-classes;D:\Sprint_7\Sprint_7\target\classes;C:\Users\paveb\.m2\repository\io\qameta\allure\allure-junit4\2.15.0\allure-junit4-2.15.0.jar;C:\Users\paveb\.m2\repository\io\qameta\allure\allure-java-commons\2.15.0\allure-java-commons-2.15.0.jar;C:\Users\paveb\.m2\repository\org\slf4j\slf4j-api\1.7.30\slf4j-api-1.7.30.jar;C:\Users\paveb\.m2\repository\io\qameta\allure\allure-model\2.15.0\allure-model-2.15.0.jar;C:\Users\paveb\.m2\repository\io\qameta\allure\allure-rest-assured\2.15.0\allure-rest-assured-2.15.0.jar;C:\Users\paveb\.m2\repository\io\qameta\allure\allure-attachments\2.15.0\allure-attachments-2.15.0.jar;C:\Users\paveb\.m2\repository\org\freemarker\freemarker\2.3.31\freemarker-2.3.31.jar;C:\Users\paveb\.m2\repository\io\rest-assured\rest-assured\5.4.0\rest-assured-5.4.0.jar;C:\Users\paveb\.m2\repository\org\apache\groovy\groovy\4.0.16\groovy-4.0.16.jar;C:\Users\paveb\.m2\repository\org\apache\groovy\groovy-xml\4.0.16\groovy-xml-4.0.16.jar;C:\Users\paveb\.m2\repository\org\apache\httpcomponents\httpclient\4.5.13\httpclient-4.5.13.jar;C:\Users\paveb\.m2\repository\org\apache\httpcomponents\httpcore\4.4.13\httpcore-4.4.13.jar;C:\Users\paveb\.m2\repository\commons-logging\commons-logging\1.2\commons-logging-1.2.jar;C:\Users\paveb\.m2\repository\commons-codec\commons-codec\1.11\commons-codec-1.11.jar;C:\Users\paveb\.m2\repository\org\apache\httpcomponents\httpmime\4.5.13\httpmime-4.5.13.jar;C:\Users\paveb\.m2\repository\org\hamcrest\hamcrest\2.2\hamcrest-2.2.jar;C:\Users\paveb\.m2\repository\org\ccil\cowan\tagsoup\tagsoup\1.2.1\tagsoup-1.2.1.jar;C:\Users\paveb\.m2\repository\io\rest-assured\json-path\5.4.0\json-path-5.4.0.jar;C:\Users\paveb\.m2\repository\org\apache\groovy\groovy-json\4.0.16\groovy-json-4.0.16.jar;C:\Users\paveb\.m2\repository\io\rest-assured\rest-assured-common\5.4.0\rest-assured-common-5.4.0.jar;C:\Users\paveb\.m2\repository\io\rest-assured\xml-path\5.4.0\xml-path-5.4.0.jar;C:\Users\paveb\.m2\repository\org\apache\commons\commons-lang3\3.11\commons-lang3-3.11.jar;C:\Users\paveb\.m2\repository\junit\junit\4.13.2\junit-4.13.2.jar;C:\Users\paveb\.m2\repository\org\hamcrest\hamcrest-core\1.3\hamcrest-core-1.3.jar;C:\Users\paveb\.m2\repository\com\google\code\gson\gson\2.10.1\gson-2.10.1.jar;"/>
    <property name="java.vm.vendor" value="Amazon.com Inc."/>
    <property name="sun.arch.data.model" value="32"/>
    <property name="user.variant" value=""/>
    <property name="java.vendor.url" value="https://aws.amazon.com/corretto/"/>
    <property name="user.timezone" value="Europe/Moscow"/>
    <property name="java.vm.specification.version" value="11"/>
    <property name="os.name" value="Windows 10"/>
    <property name="sun.java.launcher" value="SUN_STANDARD"/>
    <property name="user.country" value="RU"/>
    <property name="sun.boot.library.path" value="C:\Program Files (x86)\Amazon Corretto\jdk11.0.21_9\bin"/>
    <property name="sun.java.command" value="C:\Users\paveb\AppData\Local\Temp\surefire1537661050468356365\surefirebooter-20240217020508969_3.jar C:\Users\paveb\AppData\Local\Temp\surefire1537661050468356365 2024-02-17T02-05-08_590-jvmRun1 surefire-20240217020508969_1tmp surefire_0-20240217020508969_2tmp"/>
    <property name="jdk.debug" value="release"/>
    <property name="surefire.test.class.path" value="D:\Sprint_7\Sprint_7\target\test-classes;D:\Sprint_7\Sprint_7\target\classes;C:\Users\paveb\.m2\repository\io\qameta\allure\allure-junit4\2.15.0\allure-junit4-2.15.0.jar;C:\Users\paveb\.m2\repository\io\qameta\allure\allure-java-commons\2.15.0\allure-java-commons-2.15.0.jar;C:\Users\paveb\.m2\repository\org\slf4j\slf4j-api\1.7.30\slf4j-api-1.7.30.jar;C:\Users\paveb\.m2\repository\io\qameta\allure\allure-model\2.15.0\allure-model-2.15.0.jar;C:\Users\paveb\.m2\repository\io\qameta\allure\allure-rest-assured\2.15.0\allure-rest-assured-2.15.0.jar;C:\Users\paveb\.m2\repository\io\qameta\allure\allure-attachments\2.15.0\allure-attachments-2.15.0.jar;C:\Users\paveb\.m2\repository\org\freemarker\freemarker\2.3.31\freemarker-2.3.31.jar;C:\Users\paveb\.m2\repository\io\rest-assured\rest-assured\5.4.0\rest-assured-5.4.0.jar;C:\Users\paveb\.m2\repository\org\apache\groovy\groovy\4.0.16\groovy-4.0.16.jar;C:\Users\paveb\.m2\repository\org\apache\groovy\groovy-xml\4.0.16\groovy-xml-4.0.16.jar;C:\Users\paveb\.m2\repository\org\apache\httpcomponents\httpclient\4.5.13\httpclient-4.5.13.jar;C:\Users\paveb\.m2\repository\org\apache\httpcomponents\httpcore\4.4.13\httpcore-4.4.13.jar;C:\Users\paveb\.m2\repository\commons-logging\commons-logging\1.2\commons-logging-1.2.jar;C:\Users\paveb\.m2\repository\commons-codec\commons-codec\1.11\commons-codec-1.11.jar;C:\Users\paveb\.m2\repository\org\apache\httpcomponents\httpmime\4.5.13\httpmime-4.5.13.jar;C:\Users\paveb\.m2\repository\org\hamcrest\hamcrest\2.2\hamcrest-2.2.jar;C:\Users\paveb\.m2\repository\org\ccil\cowan\tagsoup\tagsoup\1.2.1\tagsoup-1.2.1.jar;C:\Users\paveb\.m2\repository\io\rest-assured\json-path\5.4.0\json-path-5.4.0.jar;C:\Users\paveb\.m2\repository\org\apache\groovy\groovy-json\4.0.16\groovy-json-4.0.16.jar;C:\Users\paveb\.m2\repository\io\rest-assured\rest-assured-common\5.4.0\rest-assured-common-5.4.0.jar;C:\Users\paveb\.m2\repository\io\rest-assured\xml-path\5.4.0\xml-path-5.4.0.jar;C:\Users\paveb\.m2\repository\org\apache\commons\commons-lang3\3.11\commons-lang3-3.11.jar;C:\Users\paveb\.m2\repository\junit\junit\4.13.2\junit-4.13.2.jar;C:\Users\paveb\.m2\repository\org\hamcrest\hamcrest-core\1.3\hamcrest-core-1.3.jar;C:\Users\paveb\.m2\repository\com\google\code\gson\gson\2.10.1\gson-2.10.1.jar;"/>
    <property name="sun.cpu.endian" value="little"/>
    <property name="user.home" value="C:\Users\paveb"/>
    <property name="user.language" value="ru"/>
    <property name="java.specification.vendor" value="Oracle Corporation"/>
    <property name="java.version.date" value="2023-10-17"/>
    <property name="java.home" value="C:\Program Files (x86)\Amazon Corretto\jdk11.0.21_9"/>
    <property name="file.separator" value="\"/>
    <property name="basedir" value="D:\Sprint_7\Sprint_7"/>
    <property name="line.separator" value="&#10;"/>
    <property name="java.specification.name" value="Java Platform API Specification"/>
    <property name="java.vm.specification.vendor" value="Oracle Corporation"/>
    <property name="java.awt.graphicsenv" value="sun.awt.Win32GraphicsEnvironment"/>
    <property name="surefire.real.class.path" value="C:\Users\paveb\AppData\Local\Temp\surefire1537661050468356365\surefirebooter-20240217020508969_3.jar"/>
    <property name="user.script" value=""/>
    <property name="sun.management.compiler" value="HotSpot Tiered Compilers"/>
    <property name="java.runtime.version" value="11.0.21+9-LTS"/>
    <property name="user.name" value="paveb"/>
    <property name="path.separator" value=";"/>
    <property name="os.version" value="10.0"/>
    <property name="java.runtime.name" value="OpenJDK Runtime Environment"/>
    <property name="file.encoding" value="Cp1251"/>
    <property name="java.vm.name" value="OpenJDK Server VM"/>
    <property name="java.vendor.version" value="Corretto-11.0.21.9.1"/>
    <property name="localRepository" value="C:\Users\paveb\.m2\repository"/>
    <property name="java.vendor.url.bug" value="https://github.com/corretto/corretto-11/issues/"/>
    <property name="java.io.tmpdir" value="C:\Users\paveb\AppData\Local\Temp\"/>
    <property name="idea.version" value="2023.2.4"/>
    <property name="java.version" value="11.0.21"/>
    <property name="user.dir" value="D:\Sprint_7\Sprint_7"/>
    <property name="os.arch" value="x86"/>
    <property name="java.vm.specification.name" value="Java Virtual Machine Specification"/>
    <property name="java.awt.printerjob" value="sun.awt.windows.WPrinterJob"/>
    <property name="sun.os.patch.level" value=""/>
    <property name="java.library.path" value="C:\Program Files (x86)\Amazon Corretto\jdk11.0.21_9\bin;C:\WINDOWS\Sun\Java\bin;C:\WINDOWS\system32;C:\WINDOWS;C:\Program Files (x86)\Amazon Corretto\jdk11.0.21_9\bin;C:\WINDOWS\system32;C:\WINDOWS;C:\WINDOWS\System32\Wbem;C:\WINDOWS\System32\WindowsPowerShell\v1.0\;C:\WINDOWS\System32\OpenSSH\;C:\Program Files\nodejs\;C:\Program Files\dotnet\;C:\Program Files\Git LFS;C:\Program Files (x86)\IncrediBuild;C:\Program Files\NVIDIA Corporation\NVIDIA NvDLISR;C:\Program Files (x86)\NVIDIA Corporation\PhysX\Common;C:\Program Files\Git\cmd;C:\Program Files (x86)\GitExtensions\;C:\Users\paveb\AppData\Local\Microsoft\WindowsApps;C:\Users\paveb\AppData\Roaming\npm;C:\Users\paveb\AppData\Local\GitHubDesktop\bin;C:\Users\paveb\AppData\Local\Programs\Microsoft VS Code\bin;C:\Users\paveb\.dotnet\tools;C:\pixel\platform-tools;C:\Program Files (x86)\apache-maven-3.9.5;C:\Program Files (x86)\Allure\allure-2.10.0\bin;;."/>
    <property name="java.vm.info" value="mixed mode, emulated-client"/>
    <property name="java.vendor" value="Amazon.com Inc."/>
    <property name="java.vm.version" value="11.0.21+9-LTS"/>
    <property name="java.specification.maintenance.version" value="2"/>
    <property name="sun.io.unicode.encoding" value="UnicodeLittle"/>
    <property name="java.class.version" value="55.0"/>
  </properties>
  <testcase name="orderColorTest[0]" classname="MakeOrderPostTest" time="0.16">
    <system-out><![CDATA[Request method:	POST
Request URI:	http://qa-scooter.praktikum-services.ru/api/v1/orders
Proxy:			<none>
Request params:	<none>
Query params:	<none>
Form params:	<none>
Path params:	<none>
Headers:		Accept=*/*
				Content-Type=application/json
Cookies:		<none>
Multiparts:		<none>
Body:
{
    "firstName": "имя",
    "lastName": "фамилия",
    "address": "адрес",
    "metroStation": "метро",
    "phone": "телефон",
    "rentTime": "1",
    "deliveryDate": "2020-06-06",
    "comment": "",
    "color": [
        "BLACK",
        "GREY"
    ]
}
HTTP/1.1 201 Created
Access-Control-Allow-Origin: *
Content-Length: 16
Content-Type: application/json; charset=utf-8
Date: Fri, 16 Feb 2024 23:07:16 GMT
ETag: W/"10-egG/rA1ltayAp6ET+Lxt7rX6hDs"
Set-Cookie: _yasc=f5HEWIhxv+I+Enzu+JEZ/iR34hcHt9R8t9BLVtJKWi3W4O+zkYR2tsqjLJw1R5VxPQ==; domain=.praktikum-services.ru; path=/; expires=Mon, 13 Feb 2034 23:07:16 GMT; secure
X-Powered-By: Express
X-Request-Id: 1708124836130080-15678184913785045842

{
    "track": 140614
}
{
    "track": 140614
}
Request method:	PUT
Request URI:	http://qa-scooter.praktikum-services.ru/api/v1/orders/cancel
Proxy:			<none>
Request params:	<none>
Query params:	<none>
Form params:	<none>
Path params:	<none>
Headers:		Accept=*/*
				Content-Type=application/json
Cookies:		<none>
Multiparts:		<none>
Body:
{
    "track": "140614"
}
HTTP/1.1 400 Bad Request
Access-Control-Allow-Origin: *
Content-Length: 82
Content-Type: application/json; charset=utf-8
Date: Fri, 16 Feb 2024 23:07:16 GMT
ETag: W/"52-NEb1sihdUImnV9vUyVCvOlniC48"
Set-Cookie: _yasc=e+1ioBfao8UgpMGtwNtpB6Ig7z5tSfvurFbYioBMs5d3JN6C4BTXvOVCdqz+6g9N; domain=.praktikum-services.ru; path=/; expires=Mon, 13 Feb 2034 23:07:16 GMT; secure
X-Powered-By: Express
X-Request-Id: 1708124836245290-4661085953079417814

{
    "code": 400,
    "message": "Недостаточно данных для поиска"
}
HTTP/1.1 400 Bad Request
Access-Control-Allow-Origin: *
Content-Length: 82
Content-Type: application/json; charset=utf-8
Date: Fri, 16 Feb 2024 23:07:16 GMT
ETag: W/"52-NEb1sihdUImnV9vUyVCvOlniC48"
Set-Cookie: _yasc=e+1ioBfao8UgpMGtwNtpB6Ig7z5tSfvurFbYioBMs5d3JN6C4BTXvOVCdqz+6g9N; domain=.praktikum-services.ru; path=/; expires=Mon, 13 Feb 2034 23:07:16 GMT; secure
X-Powered-By: Express
X-Request-Id: 1708124836245290-4661085953079417814

{
    "code": 400,
    "message": "Недостаточно данных для поиска"
}
]]></system-out>
  </testcase>
  <testcase name="orderColorTest[1]" classname="MakeOrderPostTest" time="0.106">
    <system-out><![CDATA[Request method:	POST
Request URI:	http://qa-scooter.praktikum-services.ru/api/v1/orders
Proxy:			<none>
Request params:	<none>
Query params:	<none>
Form params:	<none>
Path params:	<none>
Headers:		Accept=*/*
				Content-Type=application/json
Cookies:		<none>
Multiparts:		<none>
Body:
{
    "firstName": "имя",
    "lastName": "фамилия",
    "address": "адрес",
    "metroStation": "метро",
    "phone": "телефон",
    "rentTime": "1",
    "deliveryDate": "2020-06-06",
    "comment": "",
    "color": [
        "GREY"
    ]
}
HTTP/1.1 201 Created
Access-Control-Allow-Origin: *
Content-Length: 16
Content-Type: application/json; charset=utf-8
Date: Fri, 16 Feb 2024 23:07:16 GMT
ETag: W/"10-yOCnzs/ZzV6rN3+pnE4wxD2k/zA"
Set-Cookie: _yasc=HSrZHotIOFlKhv8mLzcvOJMyJwvWLZkjG1wTIWQku+N05Z36g2S2RHWVj9PDQMZg8g==; domain=.praktikum-services.ru; path=/; expires=Mon, 13 Feb 2034 23:07:16 GMT; secure
X-Powered-By: Express
X-Request-Id: 1708124836293343-15647858429562507417

{
    "track": 157273
}
{
    "track": 157273
}
Request method:	PUT
Request URI:	http://qa-scooter.praktikum-services.ru/api/v1/orders/cancel
Proxy:			<none>
Request params:	<none>
Query params:	<none>
Form params:	<none>
Path params:	<none>
Headers:		Accept=*/*
				Content-Type=application/json
Cookies:		<none>
Multiparts:		<none>
Body:
{
    "track": "157273"
}
HTTP/1.1 400 Bad Request
Access-Control-Allow-Origin: *
Content-Length: 82
Content-Type: application/json; charset=utf-8
Date: Fri, 16 Feb 2024 23:07:16 GMT
ETag: W/"52-NEb1sihdUImnV9vUyVCvOlniC48"
Set-Cookie: _yasc=wdE4Sr1ehSJpvR9SvKiASlVnjBQSI0j+A74TjN54b8RJecRiKO0IV/owfYe9NpGB; domain=.praktikum-services.ru; path=/; expires=Mon, 13 Feb 2034 23:07:16 GMT; secure
X-Powered-By: Express
X-Request-Id: 1708124836345178-9892265053972972440

{
    "code": 400,
    "message": "Недостаточно данных для поиска"
}
HTTP/1.1 400 Bad Request
Access-Control-Allow-Origin: *
Content-Length: 82
Content-Type: application/json; charset=utf-8
Date: Fri, 16 Feb 2024 23:07:16 GMT
ETag: W/"52-NEb1sihdUImnV9vUyVCvOlniC48"
Set-Cookie: _yasc=wdE4Sr1ehSJpvR9SvKiASlVnjBQSI0j+A74TjN54b8RJecRiKO0IV/owfYe9NpGB; domain=.praktikum-services.ru; path=/; expires=Mon, 13 Feb 2034 23:07:16 GMT; secure
X-Powered-By: Express
X-Request-Id: 1708124836345178-9892265053972972440

{
    "code": 400,
    "message": "Недостаточно данных для поиска"
}
]]></system-out>
  </testcase>
  <testcase name="orderColorTest[2]" classname="MakeOrderPostTest" time="0.119">
    <system-out><![CDATA[Request method:	POST
Request URI:	http://qa-scooter.praktikum-services.ru/api/v1/orders
Proxy:			<none>
Request params:	<none>
Query params:	<none>
Form params:	<none>
Path params:	<none>
Headers:		Accept=*/*
				Content-Type=application/json
Cookies:		<none>
Multiparts:		<none>
Body:
{
    "firstName": "имя",
    "lastName": "фамилия",
    "address": "адрес",
    "metroStation": "метро",
    "phone": "телефон",
    "rentTime": "1",
    "deliveryDate": "2020-06-06",
    "comment": "",
    "color": [
        "BLACK"
    ]
}
HTTP/1.1 201 Created
Access-Control-Allow-Origin: *
Content-Length: 16
Content-Type: application/json; charset=utf-8
Date: Fri, 16 Feb 2024 23:07:16 GMT
ETag: W/"10-Sd4YiaivGHms6cRC3BPWyBPRclM"
Set-Cookie: _yasc=kFWbYGMO4BKChol3DuiN9/VuTFWspq/gjFBFQzLNaAJ4hW/shwjbv34d8ei9i5uvSw==; domain=.praktikum-services.ru; path=/; expires=Mon, 13 Feb 2034 23:07:16 GMT; secure
X-Powered-By: Express
X-Request-Id: 1708124836408034-7808498291470503444

{
    "track": 832459
}
{
    "track": 832459
}
Request method:	PUT
Request URI:	http://qa-scooter.praktikum-services.ru/api/v1/orders/cancel
Proxy:			<none>
Request params:	<none>
Query params:	<none>
Form params:	<none>
Path params:	<none>
Headers:		Accept=*/*
				Content-Type=application/json
Cookies:		<none>
Multiparts:		<none>
Body:
{
    "track": "832459"
}
HTTP/1.1 400 Bad Request
Access-Control-Allow-Origin: *
Content-Length: 82
Content-Type: application/json; charset=utf-8
Date: Fri, 16 Feb 2024 23:07:16 GMT
ETag: W/"52-NEb1sihdUImnV9vUyVCvOlniC48"
Set-Cookie: _yasc=IYgY/WNZ+oTtdPcVpn8PI5nClC4xY0FKgjXmpqaFtu8w0h1pctwsaQ4IkIBqftm3; domain=.praktikum-services.ru; path=/; expires=Mon, 13 Feb 2034 23:07:16 GMT; secure
X-Powered-By: Express
X-Request-Id: 1708124836475262-1174495687601937404

{
    "code": 400,
    "message": "Недостаточно данных для поиска"
}
HTTP/1.1 400 Bad Request
Access-Control-Allow-Origin: *
Content-Length: 82
Content-Type: application/json; charset=utf-8
Date: Fri, 16 Feb 2024 23:07:16 GMT
ETag: W/"52-NEb1sihdUImnV9vUyVCvOlniC48"
Set-Cookie: _yasc=IYgY/WNZ+oTtdPcVpn8PI5nClC4xY0FKgjXmpqaFtu8w0h1pctwsaQ4IkIBqftm3; domain=.praktikum-services.ru; path=/; expires=Mon, 13 Feb 2034 23:07:16 GMT; secure
X-Powered-By: Express
X-Request-Id: 1708124836475262-1174495687601937404

{
    "code": 400,
    "message": "Недостаточно данных для поиска"
}
]]></system-out>
  </testcase>
  <testcase name="orderColorTest[3]" classname="MakeOrderPostTest" time="0.145">
    <system-out><![CDATA[Request method:	POST
Request URI:	http://qa-scooter.praktikum-services.ru/api/v1/orders
Proxy:			<none>
Request params:	<none>
Query params:	<none>
Form params:	<none>
Path params:	<none>
Headers:		Accept=*/*
				Content-Type=application/json
Cookies:		<none>
Multiparts:		<none>
Body:
{
    "firstName": "имя",
    "lastName": "фамилия",
    "address": "адрес",
    "metroStation": "метро",
    "phone": "телефон",
    "rentTime": "1",
    "deliveryDate": "2020-06-06",
    "comment": "",
    "color": [
        ""
    ]
}
HTTP/1.1 201 Created
Access-Control-Allow-Origin: *
Content-Length: 14
Content-Type: application/json; charset=utf-8
Date: Fri, 16 Feb 2024 23:07:16 GMT
ETag: W/"e-6IXg9FX0PGLBZn7mbB+T9PLO/ow"
Set-Cookie: _yasc=asyhf4zYf6Or7ONkulwdURc6GykZq5AeZnxszsQds8eU4kV0bm+wgXx9edOJgJuG0w==; domain=.praktikum-services.ru; path=/; expires=Mon, 13 Feb 2034 23:07:16 GMT; secure
X-Powered-By: Express
X-Request-Id: 1708124836519494-8652516006980029453

{
    "track": 5068
}
{
    "track": 5068
}
Request method:	PUT
Request URI:	http://qa-scooter.praktikum-services.ru/api/v1/orders/cancel
Proxy:			<none>
Request params:	<none>
Query params:	<none>
Form params:	<none>
Path params:	<none>
Headers:		Accept=*/*
				Content-Type=application/json
Cookies:		<none>
Multiparts:		<none>
Body:
{
    "track": "5068"
}
HTTP/1.1 400 Bad Request
Access-Control-Allow-Origin: *
Content-Length: 82
Content-Type: application/json; charset=utf-8
Date: Fri, 16 Feb 2024 23:07:16 GMT
ETag: W/"52-NEb1sihdUImnV9vUyVCvOlniC48"
Set-Cookie: _yasc=WiCp3Y0UiK+OTA6WBuIX9RarBbzeepF0/VVTNtI0P7bFud6mHgOsj05sLyUoKjk4; domain=.praktikum-services.ru; path=/; expires=Mon, 13 Feb 2034 23:07:16 GMT; secure
X-Powered-By: Express
X-Request-Id: 1708124836573983-7726321322824657778

{
    "code": 400,
    "message": "Недостаточно данных для поиска"
}
HTTP/1.1 400 Bad Request
Access-Control-Allow-Origin: *
Content-Length: 82
Content-Type: application/json; charset=utf-8
Date: Fri, 16 Feb 2024 23:07:16 GMT
ETag: W/"52-NEb1sihdUImnV9vUyVCvOlniC48"
Set-Cookie: _yasc=WiCp3Y0UiK+OTA6WBuIX9RarBbzeepF0/VVTNtI0P7bFud6mHgOsj05sLyUoKjk4; domain=.praktikum-services.ru; path=/; expires=Mon, 13 Feb 2034 23:07:16 GMT; secure
X-Powered-By: Express
X-Request-Id: 1708124836573983-7726321322824657778

{
    "code": 400,
    "message": "Недостаточно данных для поиска"
}
]]></system-out>
  </testcase>
</testsuite>